[debug] [2022-06-14T23:48:18.013Z] ----------------------------------------------------------------------
[debug] [2022-06-14T23:48:18.016Z] Command:       C:\Program Files\nodejs\node.exe C:\Users\amitk\AppData\Roaming\npm\node_modules\firebase-tools\lib\bin\firebase.js init
[debug] [2022-06-14T23:48:18.016Z] CLI Version:   11.1.0
[debug] [2022-06-14T23:48:18.016Z] Platform:      win32
[debug] [2022-06-14T23:48:18.016Z] Node Version:  v16.15.1
[debug] [2022-06-14T23:48:18.017Z] Time:          Wed Jun 15 2022 05:18:18 GMT+0530 (India Standard Time)
[debug] [2022-06-14T23:48:18.018Z] ----------------------------------------------------------------------
[debug] 
[debug] [2022-06-14T23:48:18.026Z] > command requires scopes: ["email","openid","https://www.googleapis.com/auth/cloudplatformprojects.readonly","https://www.googleapis.com/auth/firebase","https://www.googleapis.com/auth/cloud-platform"]
[debug] [2022-06-14T23:48:18.026Z] > authorizing via signed-in user (amitkarnam01@gmail.com)
[info] 
     ######## #### ########  ######## ########     ###     ######  ########
     ##        ##  ##     ## ##       ##     ##  ##   ##  ##       ##
     ######    ##  ########  ######   ########  #########  ######  ######
     ##        ##  ##    ##  ##       ##     ## ##     ##       ## ##
     ##       #### ##     ## ######## ########  ##     ##  ######  ########

You're about to initialize a Firebase project in this directory:

  C:\Users\amitk\Desktop\AccidentMate-Internship\ProductHunt

[info] 
=== Project Setup
[info] 
[info] First, let's associate this project directory with a Firebase project.
[info] You can create multiple project aliases by running firebase use --add, 
[info] but for now we'll just set up a default project.
[info] 
[debug] [2022-06-14T23:48:26.629Z] > refreshing access token with scopes: []
[debug] [2022-06-14T23:48:26.631Z] >>> [apiv2][query] POST https://www.googleapis.com/oauth2/v3/token [none]
[debug] [2022-06-14T23:48:26.631Z] >>> [apiv2][body] POST https://www.googleapis.com/oauth2/v3/token [omitted]
[debug] [2022-06-14T23:48:27.491Z] <<< [apiv2][status] POST https://www.googleapis.com/oauth2/v3/token 200
[debug] [2022-06-14T23:48:27.491Z] <<< [apiv2][body] POST https://www.googleapis.com/oauth2/v3/token [omitted]
[debug] [2022-06-14T23:48:27.648Z] >>> [apiv2][query] GET https://firebase.googleapis.com/v1beta1/projects pageSize=100
[debug] [2022-06-14T23:48:28.329Z] <<< [apiv2][status] GET https://firebase.googleapis.com/v1beta1/projects 200
[debug] [2022-06-14T23:48:28.329Z] <<< [apiv2][body] GET https://firebase.googleapis.com/v1beta1/projects [omitted]
[info] i  Using project angular-dev-project-e3198 (Angular-dev-project) 
[info] 
=== Hosting Setup
[info] 
[info] Your public directory is the folder (relative to your project directory) that
[info] will contain Hosting assets to be uploaded with firebase deploy. If you
[info] have a build process for your assets, use your build's output directory.
[info] 
[debug] [2022-06-14T23:49:57.393Z] ----------------------------------------------------------------------
[debug] [2022-06-14T23:49:57.396Z] Command:       C:\Program Files\nodejs\node.exe C:\Users\amitk\AppData\Roaming\npm\node_modules\firebase-tools\lib\bin\firebase.js init
[debug] [2022-06-14T23:49:57.396Z] CLI Version:   11.1.0
[debug] [2022-06-14T23:49:57.396Z] Platform:      win32
[debug] [2022-06-14T23:49:57.396Z] Node Version:  v16.15.1
[debug] [2022-06-14T23:49:57.397Z] Time:          Wed Jun 15 2022 05:19:57 GMT+0530 (India Standard Time)
[debug] [2022-06-14T23:49:57.398Z] ----------------------------------------------------------------------
[debug] 
[debug] [2022-06-14T23:49:57.406Z] > command requires scopes: ["email","openid","https://www.googleapis.com/auth/cloudplatformprojects.readonly","https://www.googleapis.com/auth/firebase","https://www.googleapis.com/auth/cloud-platform"]
[debug] [2022-06-14T23:49:57.407Z] > authorizing via signed-in user (amitkarnam01@gmail.com)
[info] 
     ######## #### ########  ######## ########     ###     ######  ########
     ##        ##  ##     ## ##       ##     ##  ##   ##  ##       ##
     ######    ##  ########  ######   ########  #########  ######  ######
     ##        ##  ##    ##  ##       ##     ## ##     ##       ## ##
     ##       #### ##     ## ######## ########  ##     ##  ######  ########

You're about to initialize a Firebase project in this directory:

  C:\Users\amitk\Desktop\AccidentMate-Internship\ProductHunt

